<?xml version="1.0" encoding="UTF-8"?>
<testsuite xmlns:xsi="http://www.w3.org/2001/XMLSchema-instance" xsi:schemaLocation="https://maven.apache.org/surefire/maven-surefire-plugin/xsd/surefire-test-report.xsd" name="TestSuite" time="1,268.816" tests="6" errors="0" skipped="3" failures="3">
  <properties>
[...]
</properties>
  <testcase name="signUp" classname="com.org.test.FirstMevenProject.Parameter" time="14.201">
    <failure message="element not visible&#10;  (Session info: chrome=60.0.3112.113)&#10;  (Driver info: chromedriver=2.29.461591 (62ebf098771772160f391d75e589dc567915b233),platform=Windows NT 6.3.9600 x86_64) (WARNING: The server did not provide any stacktrace information)&#10;Command duration or timeout: 109 milliseconds&#10;Build info: version: &apos;3.4.0&apos;, revision: &apos;unknown&apos;, time: &apos;unknown&apos;&#10;System info: host: &apos;SIDD&apos;, ip: &apos;192.168.0.9&apos;, os.name: &apos;Windows 8.1&apos;, os.arch: &apos;amd64&apos;, os.version: &apos;6.3&apos;, java.version: &apos;1.8.0_05&apos;&#10;Driver info: org.openqa.selenium.chrome.ChromeDriver&#10;Capabilities [{applicationCacheEnabled=false, rotatable=false, mobileEmulationEnabled=false, networkConnectionEnabled=false, chrome={chromedriverVersion=2.29.461591 (62ebf098771772160f391d75e589dc567915b233), userDataDir=C:\Users\hp\AppData\Local\Temp\scoped_dir3264_29980}, takesHeapSnapshot=true, pageLoadStrategy=normal, databaseEnabled=false, handlesAlerts=true, hasTouchScreen=false, version=60.0.3112.113, platform=WIN8_1, browserConnectionEnabled=false, nativeEvents=true, acceptSslCerts=true, locationContextEnabled=true, webStorageEnabled=true, browserName=chrome, takesScreenshot=true, javascriptEnabled=true, cssSelectorsEnabled=true, unexpectedAlertBehaviour=}]&#10;Session ID: 4d8ab9ae1839a1c3cadaf6718748b260" type="org.openqa.selenium.ElementNotVisibleException">org.openqa.selenium.ElementNotVisibleException: 
element not visible
  (Session info: chrome=60.0.3112.113)
  (Driver info: chromedriver=2.29.461591 (62ebf098771772160f391d75e589dc567915b233),platform=Windows NT 6.3.9600 x86_64) (WARNING: The server did not provide any stacktrace information)
Command duration or timeout: 109 milliseconds
Build info: version: '3.4.0', revision: 'unknown', time: 'unknown'
System info: host: 'SIDD', ip: '192.168.0.9', os.name: 'Windows 8.1', os.arch: 'amd64', os.version: '6.3', java.version: '1.8.0_05'
Driver info: org.openqa.selenium.chrome.ChromeDriver
Capabilities [{applicationCacheEnabled=false, rotatable=false, mobileEmulationEnabled=false, networkConnectionEnabled=false, chrome={chromedriverVersion=2.29.461591 (62ebf098771772160f391d75e589dc567915b233), userDataDir=C:\Users\hp\AppData\Local\Temp\scoped_dir3264_29980}, takesHeapSnapshot=true, pageLoadStrategy=normal, databaseEnabled=false, handlesAlerts=true, hasTouchScreen=false, version=60.0.3112.113, platform=WIN8_1, browserConnectionEnabled=false, nativeEvents=true, acceptSslCerts=true, locationContextEnabled=true, webStorageEnabled=true, browserName=chrome, takesScreenshot=true, javascriptEnabled=true, cssSelectorsEnabled=true, unexpectedAlertBehaviour=}]
Session ID: 4d8ab9ae1839a1c3cadaf6718748b260
	at com.org.test.FirstMevenProject.Parameter.signUp(Parameter.java:47)
</failure>
    <system-out><![CDATA[[TestNGContentHandler] [WARN] It is strongly recommended to add "<!DOCTYPE suite SYSTEM "http://testng.org/testng-1.0.dtd" >" at the top of your file, otherwise TestNG may fail or not work as expected.
Sign Up
]]></system-out>
    <system-err><![CDATA[Starting ChromeDriver 2.29.461591 (62ebf098771772160f391d75e589dc567915b233) on port 25341
Only local connections are allowed.
1505041443491	geckodriver	INFO	Listening on 127.0.0.1:40560
1505041444299	mozprofile::profile	INFO	Using profile path C:\Users\hp\AppData\Local\Temp\rust_mozprofile.CtIzRUOdA3G4
1505041444306	geckodriver::marionette	INFO	Starting browser C:\Program Files (x86)\Mozilla Firefox\firefox.exe with args []
1505041444320	geckodriver::marionette	INFO	Connecting to Marionette on localhost:4787
Sep 10, 2017 4:34:07 PM org.openqa.selenium.remote.ProtocolHandshake createSession
INFO: Detected dialect: OSS
1505041450565	addons.xpi	WARN	Error parsing extensions state: [Exception... "Component returned failure code: 0x80520012 (NS_ERROR_FILE_NOT_FOUND) [amIAddonManagerStartup.readStartupData]"  nsresult: "0x80520012 (NS_ERROR_FILE_NOT_FOUND)"  location: "JS frame :: resource://gre/modules/addons/XPIProvider.jsm :: loadExtensionState :: line 1596"  data: no] Stack trace: loadExtensionState()@resource://gre/modules/addons/XPIProvider.jsm:1596 < getInstallState()@resource://gre/modules/addons/XPIProvider.jsm:1631 < checkForChanges()@resource://gre/modules/addons/XPIProvider.jsm:3152 < startup()@resource://gre/modules/addons/XPIProvider.jsm:2246 < callProvider()@resource://gre/modules/AddonManager.jsm:271 < _startProvider()@resource://gre/modules/AddonManager.jsm:741 < startup()@resource://gre/modules/AddonManager.jsm:908 < startup()@resource://gre/modules/AddonManager.jsm:3122 < observe()@jar:file:///C:/Program%20Files%20(x86)/Mozilla%20Firefox/omni.ja!/components/addonManager.js:65
[GPU 2384] WARNING: pipe error: 109: file c:/builds/moz2_slave/m-rel-w32-00000000000000000000/build/src/ipc/chromium/src/chrome/common/ipc_channel_win.cc, line 346
[Child 5704] WARNING: pipe error: 109: file c:/builds/moz2_slave/m-rel-w32-00000000000000000000/build/src/ipc/chromium/src/chrome/common/ipc_channel_win.cc, line 346
[Child 5704] WARNING: pipe error: 109: file c:/builds/moz2_slave/m-rel-w32-00000000000000000000/build/src/ipc/chromium/src/chrome/common/ipc_channel_win.cc, line 346
]]></system-err>
  </testcase>
  <testcase name="signUp" classname="com.org.test.FirstMevenProject.Parameter" time="0">
    <skipped message="connection refused&#10;Build info: version: &apos;3.4.0&apos;, revision: &apos;unknown&apos;, time: &apos;unknown&apos;&#10;System info: host: &apos;SIDD&apos;, ip: &apos;192.168.0.9&apos;, os.name: &apos;Windows 8.1&apos;, os.arch: &apos;amd64&apos;, os.version: &apos;6.3&apos;, java.version: &apos;1.8.0_05&apos;&#10;Driver info: driver.version: FirefoxDriver&#10;remote stacktrace: stack backtrace:&#10;   0:           0x61f07f - &lt;no info&gt;&#10;   1:           0x61fe59 - &lt;no info&gt;&#10;   2:           0x435ea4 - &lt;no info&gt;&#10;   3:           0x41e5cc - &lt;no info&gt;&#10;   4:           0x408307 - &lt;no info&gt;&#10;   5:           0x6750f9 - &lt;no info&gt;&#10;   6:           0x416877 - &lt;no info&gt;&#10;   7:           0x66ed53 - &lt;no info&gt;&#10;   8:     0x7ffdcca11611 - BaseThreadInitThunk"/>
  </testcase>
  <testcase name="login" classname="com.org.test.FirstMevenProject.Parameter" time="5.116">
    <failure message="no such element: Unable to locate element: {&quot;method&quot;:&quot;id&quot;,&quot;selector&quot;:&quot;login-mobile&quot;}&#10;  (Session info: chrome=60.0.3112.113)&#10;  (Driver info: chromedriver=2.29.461591 (62ebf098771772160f391d75e589dc567915b233),platform=Windows NT 6.3.9600 x86_64) (WARNING: The server did not provide any stacktrace information)&#10;Command duration or timeout: 111 milliseconds&#10;For documentation on this error, please visit: http://seleniumhq.org/exceptions/no_such_element.html&#10;Build info: version: &apos;3.4.0&apos;, revision: &apos;unknown&apos;, time: &apos;unknown&apos;&#10;System info: host: &apos;SIDD&apos;, ip: &apos;192.168.0.9&apos;, os.name: &apos;Windows 8.1&apos;, os.arch: &apos;amd64&apos;, os.version: &apos;6.3&apos;, java.version: &apos;1.8.0_05&apos;&#10;Driver info: org.openqa.selenium.chrome.ChromeDriver&#10;Capabilities [{applicationCacheEnabled=false, rotatable=false, mobileEmulationEnabled=false, networkConnectionEnabled=false, chrome={chromedriverVersion=2.29.461591 (62ebf098771772160f391d75e589dc567915b233), userDataDir=C:\Users\hp\AppData\Local\Temp\scoped_dir3264_29980}, takesHeapSnapshot=true, pageLoadStrategy=normal, databaseEnabled=false, handlesAlerts=true, hasTouchScreen=false, version=60.0.3112.113, platform=WIN8_1, browserConnectionEnabled=false, nativeEvents=true, acceptSslCerts=true, locationContextEnabled=true, webStorageEnabled=true, browserName=chrome, takesScreenshot=true, javascriptEnabled=true, cssSelectorsEnabled=true, unexpectedAlertBehaviour=}]&#10;Session ID: 4d8ab9ae1839a1c3cadaf6718748b260&#10;*** Element info: {Using=id, value=login-mobile}" type="org.openqa.selenium.NoSuchElementException">org.openqa.selenium.NoSuchElementException: 
no such element: Unable to locate element: {"method":"id","selector":"login-mobile"}
  (Session info: chrome=60.0.3112.113)
  (Driver info: chromedriver=2.29.461591 (62ebf098771772160f391d75e589dc567915b233),platform=Windows NT 6.3.9600 x86_64) (WARNING: The server did not provide any stacktrace information)
Command duration or timeout: 111 milliseconds
For documentation on this error, please visit: http://seleniumhq.org/exceptions/no_such_element.html
Build info: version: '3.4.0', revision: 'unknown', time: 'unknown'
System info: host: 'SIDD', ip: '192.168.0.9', os.name: 'Windows 8.1', os.arch: 'amd64', os.version: '6.3', java.version: '1.8.0_05'
Driver info: org.openqa.selenium.chrome.ChromeDriver
Capabilities [{applicationCacheEnabled=false, rotatable=false, mobileEmulationEnabled=false, networkConnectionEnabled=false, chrome={chromedriverVersion=2.29.461591 (62ebf098771772160f391d75e589dc567915b233), userDataDir=C:\Users\hp\AppData\Local\Temp\scoped_dir3264_29980}, takesHeapSnapshot=true, pageLoadStrategy=normal, databaseEnabled=false, handlesAlerts=true, hasTouchScreen=false, version=60.0.3112.113, platform=WIN8_1, browserConnectionEnabled=false, nativeEvents=true, acceptSslCerts=true, locationContextEnabled=true, webStorageEnabled=true, browserName=chrome, takesScreenshot=true, javascriptEnabled=true, cssSelectorsEnabled=true, unexpectedAlertBehaviour=}]
Session ID: 4d8ab9ae1839a1c3cadaf6718748b260
*** Element info: {Using=id, value=login-mobile}
	at com.org.test.FirstMevenProject.Parameter.login(Parameter.java:54)
</failure>
    <system-out><![CDATA[Login class
]]></system-out>
  </testcase>
  <testcase name="login" classname="com.org.test.FirstMevenProject.Parameter" time="0">
    <skipped message="connection refused&#10;Build info: version: &apos;3.4.0&apos;, revision: &apos;unknown&apos;, time: &apos;unknown&apos;&#10;System info: host: &apos;SIDD&apos;, ip: &apos;192.168.0.9&apos;, os.name: &apos;Windows 8.1&apos;, os.arch: &apos;amd64&apos;, os.version: &apos;6.3&apos;, java.version: &apos;1.8.0_05&apos;&#10;Driver info: driver.version: FirefoxDriver&#10;remote stacktrace: stack backtrace:&#10;   0:           0x61f07f - &lt;no info&gt;&#10;   1:           0x61fe59 - &lt;no info&gt;&#10;   2:           0x435ea4 - &lt;no info&gt;&#10;   3:           0x41e5cc - &lt;no info&gt;&#10;   4:           0x408307 - &lt;no info&gt;&#10;   5:           0x6750f9 - &lt;no info&gt;&#10;   6:           0x416877 - &lt;no info&gt;&#10;   7:           0x66ed53 - &lt;no info&gt;&#10;   8:     0x7ffdcca11611 - BaseThreadInitThunk"/>
  </testcase>
  <testcase name="beforeTest" classname="com.org.test.FirstMevenProject.Parameter" time="1,208.704">
    <failure message="connection refused&#10;Build info: version: &apos;3.4.0&apos;, revision: &apos;unknown&apos;, time: &apos;unknown&apos;&#10;System info: host: &apos;SIDD&apos;, ip: &apos;192.168.0.9&apos;, os.name: &apos;Windows 8.1&apos;, os.arch: &apos;amd64&apos;, os.version: &apos;6.3&apos;, java.version: &apos;1.8.0_05&apos;&#10;Driver info: driver.version: FirefoxDriver&#10;remote stacktrace: stack backtrace:&#10;   0:           0x61f07f - &lt;no info&gt;&#10;   1:           0x61fe59 - &lt;no info&gt;&#10;   2:           0x435ea4 - &lt;no info&gt;&#10;   3:           0x41e5cc - &lt;no info&gt;&#10;   4:           0x408307 - &lt;no info&gt;&#10;   5:           0x6750f9 - &lt;no info&gt;&#10;   6:           0x416877 - &lt;no info&gt;&#10;   7:           0x66ed53 - &lt;no info&gt;&#10;   8:     0x7ffdcca11611 - BaseThreadInitThunk" type="org.openqa.selenium.WebDriverException"><![CDATA[org.openqa.selenium.WebDriverException: 
connection refused
Build info: version: '3.4.0', revision: 'unknown', time: 'unknown'
System info: host: 'SIDD', ip: '192.168.0.9', os.name: 'Windows 8.1', os.arch: 'amd64', os.version: '6.3', java.version: '1.8.0_05'
Driver info: driver.version: FirefoxDriver
remote stacktrace: stack backtrace:
   0:           0x61f07f - <no info>
   1:           0x61fe59 - <no info>
   2:           0x435ea4 - <no info>
   3:           0x41e5cc - <no info>
   4:           0x408307 - <no info>
   5:           0x6750f9 - <no info>
   6:           0x416877 - <no info>
   7:           0x66ed53 - <no info>
   8:     0x7ffdcca11611 - BaseThreadInitThunk
	at com.org.test.FirstMevenProject.Parameter.beforeTest(Parameter.java:31)
]]></failure>
  </testcase>
  <testcase name="afterTest" classname="com.org.test.FirstMevenProject.Parameter" time="0">
    <skipped/>
  </testcase>
</testsuite>